<?xml version="1.0" encoding="UTF-8"?>
<!-- Generated by org.testng.reporters.JUnitReportReporter -->
<testsuite skipped="0" name="demo.java" tests="1" failures="0" timestamp="06 Mar 2018 06:53:54 GMT" time="0.294" errors="0">
  <testcase name="sendAmount" time="0.294" classname="demo.java"/>
</testsuite> <!-- demo.java -->
